=== 2026-03-30 07:30:01 ===
Generando reporte diario вЂ” 30/03/2026 07:30

  1/4 Portafolio... OK
  2/4 Contexto... OK
  3/4 Plan de JARVIS... OK
  4/4 Resumen de ayer... OK

Enviando a Telegram...
  Enviado.
  Log: /home/hproano/asistente/trading/../logs/reporte_2026-03-30.txt

============================================================
рџ’ј <b>PORTAFOLIO</b>
  Equity: $100,000.00
  Cash: $100,000.00
  Valor portafolio: $100,000.00
  Posiciones abiertas: 0/5

рџЊЌ <b>CONTEXTO DE MERCADO</b>
  Fear &amp; Greed: 8/100 вЂ” Miedo Extremo
  Mercado en pГЎnico. HistГіricamente, zona de oportunidad de compra.
  VIX: 30.4 (-2.1%) вЂ” Muy Alto
  Volatilidad extrema. Considerar reducir exposiciГіn.

рџ“‹ <b>PLAN DE HOY</b>
  Modo: VIX alto в†’ posiciГіn reducida al 50% | F&G en pГЎnico в†’ modo oportunidad
  **Plan de trading para hoy:**

1. **XOM (Xenon)**: PosiciГіn en VIX reducida al 50%. Aceptar subidas y posicionar al 25% con expectativa de recuperar su valor. PrecauciГіn: Monitorear situaciones de estrГ©s.

2. **MCD (Mcdonald's)**: PosiciГіn en F&G en pГЎnico. Considerar buy-in-case de reversiГіn. PrecauciГіn: Observar volatilidad en el sector del fast food.

3. **SPY (S&P 500 ETF)**: Invertir al 25% para profits generales. Aceptar movimientos extremos y monitorear volatilidad.

4. **VZ (Verizon)**: PosiciГіn neutral pero con expectativa de volatilidad. PrecauciГіn: Evitar riesgos elevados en la tecnologГ­a.

рџ“Љ <b>RESUMEN DE AYER (2026-03-27)</b>
  Sin trades ejecutados ayer.
============================================================

=== 2026-03-31 07:30:01 ===
Generando reporte diario вЂ” 31/03/2026 07:30

  1/4 Portafolio... OK
  2/4 Contexto... OK
  3/4 Plan de JARVIS... OK
  4/4 Resumen de ayer... OK

Enviando a Telegram...
  Enviado.
  Log: /home/hproano/asistente/trading/../logs/reporte_2026-03-31.txt

============================================================
рџ’ј <b>PORTAFOLIO</b>
  Equity: $100,057.12
  Cash: $93,505.14
  Valor portafolio: $100,057.12
  Posiciones abiertas: 5/5
  вњ… GLD: 2 acc @ $417.21 в†’ $420.70 | P&L: $+8.34 (+0.8%)
  вњ… MCD: 3 acc @ $309.89 в†’ $310.50 | P&L: $+1.96 (+0.2%)
  вњ… META: 6 acc @ $532.78 в†’ $545.00 | P&L: $+68.67 (+2.3%)
  рџ”ґ NVDA: 3 acc @ $168.46 в†’ $167.70 | P&L: $-2.29 (-0.5%)
  рџ”ґ XOM: 6 acc @ $175.18 в†’ $171.75 | P&L: $-19.57 (-2.0%)
  P&L total abierto: $+57.11

рџЊЌ <b>CONTEXTO DE MERCADO</b>
  Fear &amp; Greed: 11/100 вЂ” Miedo Extremo
  Mercado en pГЎnico. HistГіricamente, zona de oportunidad de compra.
  VIX: 28.71 (-6.2%) вЂ” Alto
  Mercado nervioso. Stops mГЎs amplios recomendados.

рџ“‹ <b>PLAN DE HOY</b>
  Modo: F&G en pГЎnico в†’ modo oportunidad
  1. Prioritize activos con alta liquidez y estabilidad: GLD.  
2. Busca oportunidades en sector de crecimiento: META, TSLA, AAPL.  
3. Monitorea el estado del mercado para ajustar posiciones.  
4. AsegГєrate de mantener un balance neutral al riesgo.

рџ“Љ <b>RESUMEN DE AYER (2026-03-30)</b>
  Trades ejecutados: 6
  Compras: 6 | Ventas: 0
  вњ… BUY 3.22 MCD @ $309.89 [filled]
  вњ… BUY 2.39 GLD @ $417.21 [filled]
  вњ… BUY 3.75 META @ $533.53 [filled]
  вњ… BUY 1.87 META @ $531.28 [filled]
  вњ… BUY 5.71 XOM @ $175.18 [filled]
  вњ… BUY 3 NVDA @ $168.46 [filled]
============================================================

=== 2026-04-01 07:30:01 ===
Generando reporte diario вЂ” 01/04/2026 07:30

  1/4 Portafolio... OK
  2/4 Contexto... OK
  3/4 Plan de JARVIS... OK
  4/4 Resumen de ayer... OK

Enviando a Telegram...
  Enviado.
  Log: /home/hproano/asistente/trading/../logs/reporte_2026-04-01.txt

============================================================
рџ’ј <b>PORTAFOLIO</b>
  Equity: $100,269.28
  Cash: $93,505.14
  Valor portafolio: $100,269.28
  Posiciones abiertas: 5/5
  вњ… GLD: 2 acc @ $417.21 в†’ $434.60 | P&L: $+41.56 (+4.2%)
  вњ… MCD: 3 acc @ $309.89 в†’ $311.52 | P&L: $+5.25 (+0.5%)
  вњ… META: 6 acc @ $532.78 в†’ $578.19 | P&L: $+255.20 (+8.5%)
  вњ… NVDA: 3 acc @ $168.46 в†’ $176.35 | P&L: $+23.67 (+4.7%)
  рџ”ґ XOM: 6 acc @ $175.18 в†’ $165.30 | P&L: $-56.40 (-5.6%)
  P&L total abierto: $+269.28

рџЊЌ <b>CONTEXTO DE MERCADO</b>
  Fear &amp; Greed: 8/100 вЂ” Miedo Extremo
  Mercado en pГЎnico. HistГіricamente, zona de oportunidad de compra.
  VIX: 24.33 (-3.7%) вЂ” Elevado
  Volatilidad alta. PrecauciГіn con posiciones grandes.

рџ“‹ <b>PLAN DE HOY</b>
  Modo: F&G en pГЎnico в†’ modo oportunidad
  **Plan de trading para hoy:**

1. **Priorizar activos:** GLD, MCD, META, NVDA, XOM.  
2. **Tilt:** bullish en GLD y MCD (seguridad), bearish en META, NVDA y XOM.  
3. **Precauciones:** Gestionar riesgos con tamaГ±os de posiciГіn limitados a 2-3% del equity total. Diversificar e instalar Гіrdenes stop-loss.

рџ“Љ <b>RESUMEN DE AYER (2026-03-31)</b>
  Sin trades ejecutados ayer.
  JARVIS ejecutГі 13 sesiГіn(es) de anГЎlisis.
============================================================

=== 2026-04-02 07:30:01 ===
Generando reporte diario вЂ” 02/04/2026 07:30

  1/4 Portafolio... OK
  2/4 Contexto... OK
  3/4 Plan de JARVIS... OK
  4/4 Resumen de ayer... OK

Enviando a Telegram...
  Enviado.
  Log: /home/hproano/asistente/trading/../logs/reporte_2026-04-02.txt

============================================================
рџ’ј <b>PORTAFOLIO</b>
  Equity: $100,022.60
  Cash: $92,430.28
  Valor portafolio: $100,022.60
  Posiciones abiertas: 5/5
  вњ… GLD: 2 acc @ $417.21 в†’ $425.00 | P&L: $+18.62 (+1.9%)
  рџ”ґ MCD: 3 acc @ $309.89 в†’ $306.70 | P&L: $-10.27 (-1.0%)
  вњ… META: 6 acc @ $532.78 в†’ $562.75 | P&L: $+168.42 (+5.6%)
  вњ… NVDA: 3 acc @ $168.46 в†’ $170.80 | P&L: $+7.01 (+1.4%)
  рџ”ґ SOXX: 6 acc @ $339.99 в†’ $325.50 | P&L: $-85.20 (-4.3%)
  P&L total abierto: $+98.58

рџЊЌ <b>CONTEXTO DE MERCADO</b>
  Fear &amp; Greed: 12/100 вЂ” Miedo Extremo
  Mercado en pГЎnico. HistГіricamente, zona de oportunidad de compra.
  VIX: 27.82 (+13.4%) вЂ” Alto
  Mercado nervioso. Stops mГЎs amplios recomendados.

рџ“‹ <b>PLAN DE HOY</b>
  Modo: F&G en pГЎnico в†’ modo oportunidad
  **Plan de Trading para hoy:**

1. **Priorizar activos con volatilidad pero oportunidades de retornos:**  
   Fomentar un enfoque de gestiГіn activa, enfocado en activos con alto riesgo-recompensa, como XOM, JNJ, VZ y MCD, debido a su estabilidad y potencial de rendimiento.  

2. **Sesgos al alcista:**  
   Considerar acciones de names undervalued y sectoriales con resistencia, como TSLA y AAPL, pero con previo control del riesgo.  

3. **Precauciones:**  
   Evitar activos de alto riesgo como XLE y no investir demasiado en equidad sin control, manteniendo una diversificaciГіn equilibrada.

рџ“Љ <b>RESUMEN DE AYER (2026-04-01)</b>
  Trades ejecutados: 2
  Compras: 1 | Ventas: 1
  вњ… BUY 5.88 SOXX @ $339.99 [filled]
  рџ”ґ SELL 5.71 XOM @ $161.87 [filled]
============================================================

=== 2026-04-03 07:30:01 ===
Generando reporte diario вЂ” 03/04/2026 07:30

  1/4 Portafolio... OK
  2/4 Contexto... OK
  3/4 Plan de JARVIS... OK
  4/4 Resumen de ayer... OK

Enviando a Telegram...
  Enviado.
  Log: /home/hproano/asistente/trading/../logs/reporte_2026-04-03.txt

============================================================
рџ’ј <b>PORTAFOLIO</b>
  Equity: $100,197.84
  Cash: $91,454.29
  Valor portafolio: $100,197.84
  Posiciones abiertas: 5/5
  рџ”ґ KO: 26 acc @ $76.90 в†’ $76.72 | P&L: $-4.69 (-0.2%)
  рџ”ґ MCD: 3 acc @ $309.89 в†’ $307.14 | P&L: $-8.86 (-0.9%)
  вњ… META: 6 acc @ $532.78 в†’ $574.46 | P&L: $+234.23 (+7.8%)
  вњ… NVDA: 3 acc @ $168.46 в†’ $177.39 | P&L: $+26.78 (+5.3%)
  рџ”ґ SOXX: 6 acc @ $339.99 в†’ $339.61 | P&L: $-2.23 (-0.1%)
  P&L total abierto: $+245.24

рџЊЌ <b>CONTEXTO DE MERCADO</b>
  Fear &amp; Greed: 9/100 вЂ” Miedo Extremo
  Mercado en pГЎnico. HistГіricamente, zona de oportunidad de compra.
  VIX: 23.87 (-2.7%) вЂ” Elevado
  Volatilidad alta. PrecauciГіn con posiciones grandes.

рџ“‹ <b>PLAN DE HOY</b>
  Modo: F&G en pГЎnico в†’ modo oportunidad
  1. Prioritize activos con alto impacto como XOM (Xenon), JNJ (Johnson & Johnson), GLD (Oro), VZ (Verizon) y SPY (S&P 500).  
2. Considerar la volatilidad de TSLA (Tesla) y AAPL (Apple) como alternativas al riesgo.  
3. Observar el estado actual de las technicals: si son subidas o bajas para signals de Trend.  
4. PrecauciГіn: Evita la mayoria de los activos si el market persiste en pГЎnico, pero abre posiciones largas con stopped loss si la tendencia se invierte.

рџ“Љ <b>RESUMEN DE AYER (2026-04-02)</b>
  Trades ejecutados: 2
  Compras: 1 | Ventas: 1
  вњ… BUY 26.03 KO @ $76.90 [filled]
  рџ”ґ SELL 2.39 GLD @ $429.18 [filled]
============================================================

=== 2026-04-06 07:30:01 ===
Generando reporte diario вЂ” 06/04/2026 07:30

  1/4 Portafolio... OK
  2/4 Contexto... OK
  3/4 Plan de JARVIS... OK
  4/4 Resumen de ayer... OK

Enviando a Telegram...
  Enviado.
  Audio reporte (fish-speech): /home/hproano/asistente/agentes/../audios/respuestas/jarvis_20260406_073051.wav
  Audio enviado por Telegram.
  Log: /home/hproano/asistente/trading/../logs/reporte_2026-04-06.txt

============================================================
рџ’ј <b>PORTAFOLIO</b>
  Equity: $100,237.79
  Cash: $91,454.29
  Valor portafolio: $100,237.79
  Posiciones abiertas: 5/8
  рџ”ґ KO: 26 acc @ $76.90 в†’ $76.59 | P&L: $-8.07 (-0.4%)
  рџ”ґ MCD: 3 acc @ $309.89 в†’ $305.70 | P&L: $-13.49 (-1.4%)
  вњ… META: 6 acc @ $532.78 в†’ $579.78 | P&L: $+264.11 (+8.8%)
  вњ… NVDA: 3 acc @ $168.46 в†’ $177.97 | P&L: $+28.52 (+5.6%)
  вњ… SOXX: 6 acc @ $339.99 в†’ $342.39 | P&L: $+14.11 (+0.7%)
  P&L total abierto: $+285.18

рџЊЌ <b>CONTEXTO DE MERCADO</b>
  Fear &amp; Greed: 13/100 вЂ” Miedo Extremo
  Mercado en pГЎnico. HistГіricamente, zona de oportunidad de compra.
  VIX: 25.08 (+4.9%) вЂ” Alto
  Mercado nervioso. Stops mГЎs amplios recomendados.

рџ“‹ <b>PLAN DE HOY</b>
  Modo: F&G en pГЎnico в†’ modo oportunidad
  Para hoy, prioriza los activos mГЎs influyentes como KO, MCD y AAPL. Considera un enfoque bearista debido al Г­ndice de Pavor y Medio a un pГЎnico. Verifica el tamaГ±o de las Гіrdenes y la liquidez antes de realizar transacciones. Monitorea los ordenes de stop para evitar pГ©rdidas.

рџ“Љ <b>RESUMEN DE AYER (2026-04-03)</b>
  Sin trades ejecutados ayer.
  JARVIS ejecutГі 20 sesiГіn(es) de anГЎlisis.
============================================================

=== 2026-04-07 07:30:01 ===
Generando reporte diario вЂ” 07/04/2026 07:30

  1/4 Portafolio... OK
  2/4 Contexto... OK
  3/4 Plan de JARVIS... OK
  4/4 Resumen de ayer... OK

Enviando a Telegram...
  Enviado.
  Audio reporte (fish-speech): /home/hproano/asistente/agentes/../audios/respuestas/jarvis_20260407_073059.wav
  Audio enviado por Telegram.
  Log: /home/hproano/asistente/trading/../logs/reporte_2026-04-07.txt

============================================================
рџ’ј <b>PORTAFOLIO</b>
  Equity: $99,922.95
  Cash: $37,532.60
  Valor portafolio: $99,922.95
  Posiciones abiertas: 8/8
  рџ”ґ AGG: 101 acc @ $99.10 в†’ $98.99 | P&L: $-11.24 (-0.1%)
  рџ”ґ D: 160 acc @ $62.77 в†’ $62.30 | P&L: $-75.29 (-0.7%)
  рџ”ґ GLD: 23 acc @ $428.75 в†’ $428.69 | P&L: $-1.40 (-0.0%)
  вњ… HYG: 126 acc @ $79.61 в†’ $79.64 | P&L: $+3.40 (+0.0%)
  вњ… IEF: 105 acc @ $94.99 в†’ $95.04 | P&L: $+5.48 (+0.1%)
  рџ”ґ JNJ: 41 acc @ $242.33 в†’ $239.03 | P&L: $-136.00 (-1.4%)
  вњ… KO: 26 acc @ $76.90 в†’ $77.13 | P&L: $+5.99 (+0.3%)
  вњ… NVDA: 3 acc @ $168.46 в†’ $175.50 | P&L: $+21.11 (+4.2%)
  P&L total abierto: $-187.94

рџЊЌ <b>CONTEXTO DE MERCADO</b>
  Fear &amp; Greed: 11/100 вЂ” Miedo Extremo
  Mercado en pГЎnico. HistГіricamente, zona de oportunidad de compra.
  VIX: 25.92 (+7.3%) вЂ” Alto
  Mercado nervioso. Stops mГЎs amplios recomendados.

рџ“‹ <b>PLAN DE HOY</b>
  Modo: F&G en pГЎnico в†’ modo oportunidad
  1. **Activos Priorizar**: GLD, HYG, IEF (seguros mГЎs estables).  
2. **Sesgo**: TSLA (sensible al riesgo, pero puede subir si se prontifican las ganancias), AAPL (neutral o bAJa si se previe un cambio en la trend).  
3. **Precauciones**: Monitorear activos sensible al VIX, no rriesgar todo capital en inversiones altas riesgo, y tener planes para hedge con activos seguros.

рџ“Љ <b>RESUMEN DE AYER (2026-04-06)</b>
  Trades ejecutados: 45
  Compras: 24 | Ventas: 21
  вњ… BUY 100.91 AGG @ $99.09 [filled]
  вњ… BUY 125.58 HYG @ $79.65 [filled]
  вњ… BUY 23.4 GLD @ $427.42 [filled]
  рџ”ґ SELL 125.58 HYG @ $79.62 [filled]
  рџ”ґ SELL 23.34 GLD @ $427.79 [filled]
  рџ”ґ SELL 100.86 AGG @ $99.08 [filled]
  вњ… BUY 100.86 AGG @ $99.13 [filled]
  вњ… BUY 125.58 HYG @ $79.61 [filled]
  вњ… BUY 23.34 GLD @ $428.01 [filled]
  рџ”ґ SELL 125.62 HYG @ $79.56 [filled]
  рџ”ґ SELL 23.38 GLD @ $427.33 [filled]
  рџ”ґ SELL 100.94 AGG @ $99.04 [filled]
  вњ… BUY 100.94 AGG @ $99.07 [filled]
  вњ… BUY 125.62 HYG @ $79.61 [filled]
  вњ… BUY 23.38 GLD @ $428.11 [filled]
  рџ”ґ SELL 125.6 HYG @ $79.57 [filled]
  рџ”ґ SELL 23.33 GLD @ $427.75 [filled]
  рџ”ґ SELL 100.86 AGG @ $99.07 [filled]
  вњ… BUY 100.86 AGG @ $99.14 [filled]
  вњ… BUY 125.6 HYG @ $79.63 [filled]
  вњ… BUY 23.33 GLD @ $428.78 [filled]
  рџ”ґ SELL 125.62 HYG @ $79.61 [filled]
  рџ”ґ SELL 23.31 GLD @ $428.65 [filled]
  рџ”ґ SELL 100.92 AGG @ $99.13 [filled]
  вњ… BUY 100.92 AGG @ $99.09 [filled]
  вњ… BUY 125.62 HYG @ $79.60 [filled]
  вњ… BUY 23.31 GLD @ $428.80 [filled]
  рџ”ґ SELL 125.56 HYG @ $79.64 [filled]
  рџ”ґ SELL 23.22 GLD @ $428.82 [filled]
  рџ”ґ SELL 100.83 AGG @ $99.12 [filled]
  вњ… BUY 100.83 AGG @ $99.16 [filled]
  вњ… BUY 125.56 HYG @ $79.63 [filled]
  вњ… BUY 23.22 GLD @ $431.20 [filled]
  рџ”ґ SELL 125.74 HYG @ $79.53 [filled]
  рџ”ґ SELL 23.29 GLD @ $429.07 [filled]
  рџ”ґ SELL 100.98 AGG @ $99.02 [filled]
  вњ… BUY 105.25 IEF @ $94.99 [filled]
  вњ… BUY 160.17 D @ $62.77 [filled]
  вњ… BUY 100.98 AGG @ $99.03 [filled]
  вњ… BUY 125.74 HYG @ $79.56 [filled]
  вњ… BUY 23.29 GLD @ $428.97 [filled]
  вњ… BUY 41.22 JNJ @ $242.33 [filled]
  рџ”ґ SELL 5.88 SOXX @ $343.92 [filled]
  рџ”ґ SELL 5.62 META @ $577.27 [filled]
  рџ”ґ SELL 3.22 MCD @ $307.22 [filled]
============================================================

